I, [2015-12-08T08:38:05.005772 #19840]  INFO -- : Started GET "/home/index" for 10.0.2.2 at 2015-12-08 08:38:05 +0000
I, [2015-12-08T08:38:05.082888 #19840]  INFO -- : Processing by HomeController#index as HTML
D, [2015-12-08T08:38:05.106347 #19840] DEBUG -- :   [1m[36mReview Exists (0.2ms)[0m  [1mSELECT  1 AS one FROM `reviews` LIMIT 1[0m
D, [2015-12-08T08:38:05.108063 #19840] DEBUG -- :   [1m[35m (0.1ms)[0m  SELECT MAX(`reviews`.`rate`) FROM `reviews`
D, [2015-12-08T08:38:05.110042 #19840] DEBUG -- :   [1m[36mReview Load (0.1ms)[0m  [1mSELECT  `reviews`.* FROM `reviews` WHERE `reviews`.`rate` = 5  ORDER BY `reviews`.`id` DESC LIMIT 1[0m
D, [2015-12-08T08:38:05.159650 #19840] DEBUG -- :   [1m[35mUser Load (0.1ms)[0m  SELECT  `users`.* FROM `users` WHERE `users`.`id` = 3  ORDER BY `users`.`id` ASC LIMIT 1
I, [2015-12-08T08:38:05.295655 #19840]  INFO -- :   Rendered home/index.html.erb within layouts/application (4.1ms)
D, [2015-12-08T08:38:05.320153 #19840] DEBUG -- :   [1m[36mRequest Exists (0.7ms)[0m  [1mSELECT  1 AS one FROM `requests` WHERE `requests`.`tutorID` = 5 AND `requests`.`isConfirmed` = 0 LIMIT 1[0m
I, [2015-12-08T08:38:05.322010 #19840]  INFO -- :   Rendered layouts/_navigation.html.erb (10.3ms)
I, [2015-12-08T08:38:05.339792 #19840]  INFO -- :   Rendered layouts/_footer.html.erb (1.9ms)
I, [2015-12-08T08:38:05.340563 #19840]  INFO -- : Completed 200 OK in 257ms (Views: 165.7ms | ActiveRecord: 3.9ms)
I, [2015-12-08T08:38:13.147881 #19840]  INFO -- : Started GET "/profiles/index/5" for 10.0.2.2 at 2015-12-08 08:38:13 +0000
I, [2015-12-08T08:38:13.177956 #19840]  INFO -- : Processing by ProfilesController#index as HTML
I, [2015-12-08T08:38:13.178040 #19840]  INFO -- :   Parameters: {"id"=>"5"}
D, [2015-12-08T08:38:13.186161 #19840] DEBUG -- :   [1m[35mUser Load (0.2ms)[0m  SELECT  `users`.* FROM `users` WHERE `users`.`id` = 5 LIMIT 1
D, [2015-12-08T08:38:13.301364 #19840] DEBUG -- :   [1m[36m (0.1ms)[0m  [1mSELECT `courses`.`department` FROM `courses`[0m
D, [2015-12-08T08:38:13.390954 #19840] DEBUG -- :   [1m[35mUser Load (0.1ms)[0m  SELECT  `users`.* FROM `users` INNER JOIN `connections` ON `users`.`id` = `connections`.`contact_id` WHERE `connections`.`user_id` = 5  ORDER BY id asc LIMIT 5 OFFSET 0
I, [2015-12-08T08:38:13.394235 #19840]  INFO -- :   Rendered profiles/_contacts_table.html.erb (6.0ms)
D, [2015-12-08T08:38:13.396237 #19840] DEBUG -- :   [1m[36mCourse Load (0.1ms)[0m  [1mSELECT `courses`.* FROM `courses` INNER JOIN `course_tutors` ON `courses`.`id` = `course_tutors`.`course_id` WHERE `course_tutors`.`user_id` = 5[0m
I, [2015-12-08T08:38:13.397539 #19840]  INFO -- :   Rendered profiles/index.html.erb within layouts/application (30.5ms)
D, [2015-12-08T08:38:13.422039 #19840] DEBUG -- :   [1m[35mRequest Exists (0.2ms)[0m  SELECT  1 AS one FROM `requests` WHERE `requests`.`tutorID` = 5 AND `requests`.`isConfirmed` = 0 LIMIT 1
I, [2015-12-08T08:38:13.422941 #19840]  INFO -- :   Rendered layouts/_navigation.html.erb (4.8ms)
I, [2015-12-08T08:38:13.444565 #19840]  INFO -- :   Rendered layouts/_footer.html.erb (1.7ms)
I, [2015-12-08T08:38:13.445133 #19840]  INFO -- : Completed 200 OK in 267ms (Views: 125.1ms | ActiveRecord: 2.4ms)
